{"/home/gryphon/git-repos/project-management-app/packages/worker-pool/src/create-iteration-message-handler.js": {"path":"/home/gryphon/git-repos/project-management-app/packages/worker-pool/src/create-iteration-message-handler.js","all":false,"statementMap":{"0":{"start":{"line":1,"column":0},"end":{"line":1,"column":3}},"1":{"start":{"line":2,"column":0},"end":{"line":2,"column":26}},"2":{"start":{"line":3,"column":0},"end":{"line":3,"column":49}},"3":{"start":{"line":4,"column":0},"end":{"line":4,"column":54}},"4":{"start":{"line":5,"column":0},"end":{"line":5,"column":71}},"5":{"start":{"line":6,"column":0},"end":{"line":6,"column":3}},"6":{"start":{"line":7,"column":0},"end":{"line":7,"column":87}},"7":{"start":{"line":8,"column":0},"end":{"line":8,"column":8}},"8":{"start":{"line":9,"column":0},"end":{"line":9,"column":16}},"9":{"start":{"line":10,"column":0},"end":{"line":10,"column":39}},"10":{"start":{"line":11,"column":0},"end":{"line":11,"column":38}},"11":{"start":{"line":12,"column":0},"end":{"line":12,"column":17}},"12":{"start":{"line":13,"column":0},"end":{"line":13,"column":17}},"13":{"start":{"line":14,"column":0},"end":{"line":14,"column":7}},"14":{"start":{"line":15,"column":0},"end":{"line":15,"column":25}},"15":{"start":{"line":16,"column":0},"end":{"line":16,"column":42}},"16":{"start":{"line":17,"column":0},"end":{"line":17,"column":40}},"17":{"start":{"line":18,"column":0},"end":{"line":18,"column":0}},"18":{"start":{"line":19,"column":0},"end":{"line":19,"column":46}},"19":{"start":{"line":20,"column":0},"end":{"line":20,"column":48}},"20":{"start":{"line":21,"column":0},"end":{"line":21,"column":41}},"21":{"start":{"line":22,"column":0},"end":{"line":22,"column":0}},"22":{"start":{"line":23,"column":0},"end":{"line":23,"column":43}},"23":{"start":{"line":24,"column":0},"end":{"line":24,"column":43}},"24":{"start":{"line":25,"column":0},"end":{"line":25,"column":51}},"25":{"start":{"line":26,"column":0},"end":{"line":26,"column":49}},"26":{"start":{"line":27,"column":0},"end":{"line":27,"column":70}},"27":{"start":{"line":28,"column":0},"end":{"line":28,"column":45}},"28":{"start":{"line":29,"column":0},"end":{"line":29,"column":66}},"29":{"start":{"line":30,"column":0},"end":{"line":30,"column":75}},"30":{"start":{"line":31,"column":0},"end":{"line":31,"column":48}},"31":{"start":{"line":32,"column":0},"end":{"line":32,"column":35}},"32":{"start":{"line":33,"column":0},"end":{"line":33,"column":50}},"33":{"start":{"line":34,"column":0},"end":{"line":34,"column":96}},"34":{"start":{"line":35,"column":0},"end":{"line":35,"column":33}},"35":{"start":{"line":36,"column":0},"end":{"line":36,"column":38}},"36":{"start":{"line":37,"column":0},"end":{"line":37,"column":51}},"37":{"start":{"line":38,"column":0},"end":{"line":38,"column":72}},"38":{"start":{"line":39,"column":0},"end":{"line":39,"column":45}},"39":{"start":{"line":40,"column":0},"end":{"line":40,"column":66}},"40":{"start":{"line":41,"column":0},"end":{"line":41,"column":73}},"41":{"start":{"line":42,"column":0},"end":{"line":42,"column":48}},"42":{"start":{"line":43,"column":0},"end":{"line":43,"column":35}},"43":{"start":{"line":44,"column":0},"end":{"line":44,"column":92}},"44":{"start":{"line":45,"column":0},"end":{"line":45,"column":38}},"45":{"start":{"line":46,"column":0},"end":{"line":46,"column":50}},"46":{"start":{"line":47,"column":0},"end":{"line":47,"column":42}},"47":{"start":{"line":48,"column":0},"end":{"line":48,"column":37}},"48":{"start":{"line":49,"column":0},"end":{"line":49,"column":63}},"49":{"start":{"line":50,"column":0},"end":{"line":50,"column":47}},"50":{"start":{"line":51,"column":0},"end":{"line":51,"column":48}},"51":{"start":{"line":52,"column":0},"end":{"line":52,"column":43}},"52":{"start":{"line":53,"column":0},"end":{"line":53,"column":49}},"53":{"start":{"line":54,"column":0},"end":{"line":54,"column":70}},"54":{"start":{"line":55,"column":0},"end":{"line":55,"column":75}},"55":{"start":{"line":56,"column":0},"end":{"line":56,"column":45}},"56":{"start":{"line":57,"column":0},"end":{"line":57,"column":39}},"57":{"start":{"line":58,"column":0},"end":{"line":58,"column":96}},"58":{"start":{"line":59,"column":0},"end":{"line":59,"column":33}},"59":{"start":{"line":60,"column":0},"end":{"line":60,"column":38}},"60":{"start":{"line":61,"column":0},"end":{"line":61,"column":32}},"61":{"start":{"line":62,"column":0},"end":{"line":62,"column":25}},"62":{"start":{"line":63,"column":0},"end":{"line":63,"column":30}},"63":{"start":{"line":64,"column":0},"end":{"line":64,"column":17}},"64":{"start":{"line":65,"column":0},"end":{"line":65,"column":13}},"65":{"start":{"line":66,"column":0},"end":{"line":66,"column":68}},"66":{"start":{"line":67,"column":0},"end":{"line":67,"column":9}},"67":{"start":{"line":68,"column":0},"end":{"line":68,"column":5}},"68":{"start":{"line":69,"column":0},"end":{"line":69,"column":3}},"69":{"start":{"line":70,"column":0},"end":{"line":70,"column":1}},"70":{"start":{"line":71,"column":0},"end":{"line":71,"column":0}},"71":{"start":{"line":72,"column":0},"end":{"line":72,"column":3}},"72":{"start":{"line":73,"column":0},"end":{"line":73,"column":24}},"73":{"start":{"line":74,"column":0},"end":{"line":74,"column":21}},"74":{"start":{"line":75,"column":0},"end":{"line":75,"column":3}},"75":{"start":{"line":76,"column":0},"end":{"line":76,"column":45}},"76":{"start":{"line":77,"column":0},"end":{"line":77,"column":56}},"77":{"start":{"line":78,"column":0},"end":{"line":78,"column":48}},"78":{"start":{"line":79,"column":0},"end":{"line":79,"column":1}}},"s":{"0":1,"1":1,"2":1,"3":1,"4":1,"5":1,"6":1,"7":3,"8":3,"9":3,"10":3,"11":3,"12":3,"13":3,"14":3,"15":3,"16":3,"17":3,"18":3,"19":3,"20":7,"21":7,"22":7,"23":7,"24":7,"25":7,"26":5,"27":5,"28":5,"29":5,"30":5,"31":5,"32":5,"33":1,"34":1,"35":5,"36":7,"37":1,"38":1,"39":1,"40":1,"41":1,"42":1,"43":1,"44":1,"45":7,"46":1,"47":1,"48":1,"49":1,"50":1,"51":1,"52":1,"53":1,"54":1,"55":1,"56":1,"57":1,"58":1,"59":1,"60":7,"61":7,"62":7,"63":7,"64":7,"65":3,"66":3,"67":3,"68":3,"69":3,"70":1,"71":1,"72":1,"73":1,"74":1,"75":1,"76":3,"77":3,"78":3},"branchMap":{"0":{"type":"branch","line":7,"loc":{"start":{"line":7,"column":7},"end":{"line":70,"column":1}},"locations":[{"start":{"line":7,"column":7},"end":{"line":70,"column":1}}]},"1":{"type":"branch","line":15,"loc":{"start":{"line":15,"column":11},"end":{"line":68,"column":5}},"locations":[{"start":{"line":15,"column":11},"end":{"line":68,"column":5}}]},"2":{"type":"branch","line":20,"loc":{"start":{"line":20,"column":30},"end":{"line":65,"column":13}},"locations":[{"start":{"line":20,"column":30},"end":{"line":65,"column":13}}]},"3":{"type":"branch","line":26,"loc":{"start":{"line":26,"column":28},"end":{"line":36,"column":38}},"locations":[{"start":{"line":26,"column":28},"end":{"line":36,"column":38}}]},"4":{"type":"branch","line":33,"loc":{"start":{"line":33,"column":49},"end":{"line":35,"column":33}},"locations":[{"start":{"line":33,"column":49},"end":{"line":35,"column":33}}]},"5":{"type":"branch","line":37,"loc":{"start":{"line":37,"column":28},"end":{"line":45,"column":38}},"locations":[{"start":{"line":37,"column":28},"end":{"line":45,"column":38}}]},"6":{"type":"branch","line":46,"loc":{"start":{"line":46,"column":28},"end":{"line":60,"column":38}},"locations":[{"start":{"line":46,"column":28},"end":{"line":60,"column":38}}]},"7":{"type":"branch","line":50,"loc":{"start":{"line":50,"column":-1},"end":{"line":50,"column":34}},"locations":[{"start":{"line":50,"column":-1},"end":{"line":50,"column":34}}]},"8":{"type":"branch","line":76,"loc":{"start":{"line":76,"column":7},"end":{"line":79,"column":1}},"locations":[{"start":{"line":76,"column":7},"end":{"line":79,"column":1}}]}},"b":{"0":[3],"1":[3],"2":[7],"3":[5],"4":[1],"5":[1],"6":[1],"7":[0],"8":[3]},"fnMap":{"0":{"name":"createIterationMessageHandler","decl":{"start":{"line":7,"column":7},"end":{"line":70,"column":1}},"loc":{"start":{"line":7,"column":7},"end":{"line":70,"column":1}},"line":7},"1":{"name":"onMessage","decl":{"start":{"line":20,"column":30},"end":{"line":65,"column":13}},"loc":{"start":{"line":20,"column":30},"end":{"line":65,"column":13}},"line":20},"2":{"name":"isIterationMessage","decl":{"start":{"line":76,"column":7},"end":{"line":79,"column":1}},"loc":{"start":{"line":76,"column":7},"end":{"line":79,"column":1}},"line":76}},"f":{"0":3,"1":7,"2":3}}
,"/home/gryphon/git-repos/project-management-app/packages/worker-pool/src/create-message-handler.js": {"path":"/home/gryphon/git-repos/project-management-app/packages/worker-pool/src/create-message-handler.js","all":false,"statementMap":{"0":{"start":{"line":1,"column":0},"end":{"line":1,"column":3}},"1":{"start":{"line":2,"column":0},"end":{"line":2,"column":47}},"2":{"start":{"line":3,"column":0},"end":{"line":3,"column":38}},"3":{"start":{"line":4,"column":0},"end":{"line":4,"column":45}},"4":{"start":{"line":5,"column":0},"end":{"line":5,"column":3}},"5":{"start":{"line":6,"column":0},"end":{"line":6,"column":55}},"6":{"start":{"line":7,"column":0},"end":{"line":7,"column":31}},"7":{"start":{"line":8,"column":0},"end":{"line":8,"column":31}},"8":{"start":{"line":9,"column":0},"end":{"line":9,"column":86}},"9":{"start":{"line":10,"column":0},"end":{"line":10,"column":19}},"10":{"start":{"line":11,"column":0},"end":{"line":11,"column":18}},"11":{"start":{"line":12,"column":0},"end":{"line":12,"column":17}},"12":{"start":{"line":13,"column":0},"end":{"line":13,"column":13}},"13":{"start":{"line":14,"column":0},"end":{"line":14,"column":37}},"14":{"start":{"line":15,"column":0},"end":{"line":15,"column":23}},"15":{"start":{"line":16,"column":0},"end":{"line":16,"column":24}},"16":{"start":{"line":17,"column":0},"end":{"line":17,"column":19}},"17":{"start":{"line":18,"column":0},"end":{"line":18,"column":113}},"18":{"start":{"line":19,"column":0},"end":{"line":19,"column":108}},"19":{"start":{"line":20,"column":0},"end":{"line":20,"column":9}},"20":{"start":{"line":21,"column":0},"end":{"line":21,"column":5}},"21":{"start":{"line":22,"column":0},"end":{"line":22,"column":1}}},"s":{"0":1,"1":1,"2":1,"3":1,"4":1,"5":1,"6":6,"7":6,"8":6,"9":6,"10":5,"11":5,"12":5,"13":5,"14":4,"15":1,"16":6,"17":5,"18":4,"19":5,"20":6,"21":6},"branchMap":{"0":{"type":"branch","line":6,"loc":{"start":{"line":6,"column":7},"end":{"line":22,"column":1}},"locations":[{"start":{"line":6,"column":7},"end":{"line":22,"column":1}}]},"1":{"type":"branch","line":8,"loc":{"start":{"line":8,"column":11},"end":{"line":21,"column":5}},"locations":[{"start":{"line":8,"column":11},"end":{"line":21,"column":5}}]},"2":{"type":"branch","line":9,"loc":{"start":{"line":9,"column":55},"end":{"line":9,"column":85}},"locations":[{"start":{"line":9,"column":55},"end":{"line":9,"column":85}}]},"3":{"type":"branch","line":10,"loc":{"start":{"line":10,"column":12},"end":{"line":10,"column":19}},"locations":[{"start":{"line":10,"column":12},"end":{"line":10,"column":19}}]},"4":{"type":"branch","line":11,"loc":{"start":{"line":11,"column":-1},"end":{"line":14,"column":37}},"locations":[{"start":{"line":11,"column":-1},"end":{"line":14,"column":37}}]},"5":{"type":"branch","line":15,"loc":{"start":{"line":15,"column":-1},"end":{"line":17,"column":9}},"locations":[{"start":{"line":15,"column":-1},"end":{"line":17,"column":9}}]},"6":{"type":"branch","line":15,"loc":{"start":{"line":15,"column":10},"end":{"line":17,"column":9}},"locations":[{"start":{"line":15,"column":10},"end":{"line":17,"column":9}}]},"7":{"type":"branch","line":17,"loc":{"start":{"line":17,"column":9},"end":{"line":20,"column":9}},"locations":[{"start":{"line":17,"column":9},"end":{"line":20,"column":9}}]},"8":{"type":"branch","line":18,"loc":{"start":{"line":18,"column":23},"end":{"line":19,"column":108}},"locations":[{"start":{"line":18,"column":23},"end":{"line":19,"column":108}}]},"9":{"type":"branch","line":18,"loc":{"start":{"line":18,"column":23},"end":{"line":18,"column":113}},"locations":[{"start":{"line":18,"column":23},"end":{"line":18,"column":113}}]}},"b":{"0":[6],"1":[6],"2":[5],"3":[1],"4":[5],"5":[4],"6":[1],"7":[5],"8":[4],"9":[1]},"fnMap":{"0":{"name":"createMessageHandler","decl":{"start":{"line":6,"column":7},"end":{"line":22,"column":1}},"loc":{"start":{"line":6,"column":7},"end":{"line":22,"column":1}},"line":6}},"f":{"0":6}}
,"/home/gryphon/git-repos/project-management-app/packages/worker-pool/src/create-message-to-method-mapper.js": {"path":"/home/gryphon/git-repos/project-management-app/packages/worker-pool/src/create-message-to-method-mapper.js","all":false,"statementMap":{"0":{"start":{"line":1,"column":0},"end":{"line":1,"column":67}},"1":{"start":{"line":2,"column":0},"end":{"line":2,"column":0}},"2":{"start":{"line":3,"column":0},"end":{"line":3,"column":3}},"3":{"start":{"line":4,"column":0},"end":{"line":4,"column":26}},"4":{"start":{"line":5,"column":0},"end":{"line":5,"column":63}},"5":{"start":{"line":6,"column":0},"end":{"line":6,"column":54}},"6":{"start":{"line":7,"column":0},"end":{"line":7,"column":3}},"7":{"start":{"line":8,"column":0},"end":{"line":8,"column":71}},"8":{"start":{"line":9,"column":0},"end":{"line":9,"column":59}},"9":{"start":{"line":10,"column":0},"end":{"line":10,"column":74}},"10":{"start":{"line":11,"column":0},"end":{"line":11,"column":64}},"11":{"start":{"line":12,"column":0},"end":{"line":12,"column":14}},"12":{"start":{"line":13,"column":0},"end":{"line":13,"column":1}},"13":{"start":{"line":14,"column":0},"end":{"line":14,"column":0}},"14":{"start":{"line":15,"column":0},"end":{"line":15,"column":3}},"15":{"start":{"line":16,"column":0},"end":{"line":16,"column":24}},"16":{"start":{"line":17,"column":0},"end":{"line":17,"column":21}},"17":{"start":{"line":18,"column":0},"end":{"line":18,"column":3}},"18":{"start":{"line":19,"column":0},"end":{"line":19,"column":46}},"19":{"start":{"line":20,"column":0},"end":{"line":20,"column":54}},"20":{"start":{"line":21,"column":0},"end":{"line":21,"column":1}},"21":{"start":{"line":22,"column":0},"end":{"line":22,"column":0}},"22":{"start":{"line":23,"column":0},"end":{"line":23,"column":3}},"23":{"start":{"line":24,"column":0},"end":{"line":24,"column":26}},"24":{"start":{"line":25,"column":0},"end":{"line":25,"column":102}},"25":{"start":{"line":26,"column":0},"end":{"line":26,"column":54}},"26":{"start":{"line":27,"column":0},"end":{"line":27,"column":3}},"27":{"start":{"line":28,"column":0},"end":{"line":28,"column":79}},"28":{"start":{"line":29,"column":0},"end":{"line":29,"column":7}},"29":{"start":{"line":30,"column":0},"end":{"line":30,"column":59}},"30":{"start":{"line":31,"column":0},"end":{"line":31,"column":50}},"31":{"start":{"line":32,"column":0},"end":{"line":32,"column":7}},"32":{"start":{"line":33,"column":0},"end":{"line":33,"column":32}},"33":{"start":{"line":34,"column":0},"end":{"line":34,"column":18}},"34":{"start":{"line":35,"column":0},"end":{"line":35,"column":66}},"35":{"start":{"line":36,"column":0},"end":{"line":36,"column":26}},"36":{"start":{"line":37,"column":0},"end":{"line":37,"column":82}},"37":{"start":{"line":38,"column":0},"end":{"line":38,"column":55}},"38":{"start":{"line":39,"column":0},"end":{"line":39,"column":43}},"39":{"start":{"line":40,"column":0},"end":{"line":40,"column":63}},"40":{"start":{"line":41,"column":0},"end":{"line":41,"column":77}},"41":{"start":{"line":42,"column":0},"end":{"line":42,"column":48}},"42":{"start":{"line":43,"column":0},"end":{"line":43,"column":13}},"43":{"start":{"line":44,"column":0},"end":{"line":44,"column":9}},"44":{"start":{"line":45,"column":0},"end":{"line":45,"column":1}}},"s":{"0":1,"1":1,"2":1,"3":1,"4":1,"5":1,"6":1,"7":1,"8":3,"9":3,"10":3,"11":3,"12":3,"13":1,"14":1,"15":1,"16":1,"17":1,"18":1,"19":4,"20":4,"21":1,"22":1,"23":1,"24":1,"25":1,"26":1,"27":1,"28":2,"29":2,"30":2,"31":2,"32":2,"33":2,"34":2,"35":2,"36":4,"37":4,"38":4,"39":4,"40":4,"41":3,"42":4,"43":2,"44":2},"branchMap":{"0":{"type":"branch","line":8,"loc":{"start":{"line":8,"column":7},"end":{"line":13,"column":1}},"locations":[{"start":{"line":8,"column":7},"end":{"line":13,"column":1}}]},"1":{"type":"branch","line":9,"loc":{"start":{"line":9,"column":45},"end":{"line":12,"column":5}},"locations":[{"start":{"line":9,"column":45},"end":{"line":12,"column":5}}]},"2":{"type":"branch","line":19,"loc":{"start":{"line":19,"column":7},"end":{"line":21,"column":1}},"locations":[{"start":{"line":19,"column":7},"end":{"line":21,"column":1}}]},"3":{"type":"branch","line":28,"loc":{"start":{"line":28,"column":7},"end":{"line":45,"column":1}},"locations":[{"start":{"line":28,"column":7},"end":{"line":45,"column":1}}]},"4":{"type":"branch","line":33,"loc":{"start":{"line":33,"column":11},"end":{"line":44,"column":9}},"locations":[{"start":{"line":33,"column":11},"end":{"line":44,"column":9}}]},"5":{"type":"branch","line":36,"loc":{"start":{"line":36,"column":12},"end":{"line":43,"column":13}},"locations":[{"start":{"line":36,"column":12},"end":{"line":43,"column":13}}]},"6":{"type":"branch","line":41,"loc":{"start":{"line":41,"column":74},"end":{"line":42,"column":48}},"locations":[{"start":{"line":41,"column":74},"end":{"line":42,"column":48}}]},"7":{"type":"branch","line":42,"loc":{"start":{"line":42,"column":29},"end":{"line":42,"column":47}},"locations":[{"start":{"line":42,"column":29},"end":{"line":42,"column":47}}]}},"b":{"0":[3],"1":[3],"2":[4],"3":[2],"4":[2],"5":[4],"6":[3],"7":[2]},"fnMap":{"0":{"name":"createMessageToMethodMapper","decl":{"start":{"line":8,"column":7},"end":{"line":13,"column":1}},"loc":{"start":{"line":8,"column":7},"end":{"line":13,"column":1}},"line":8},"1":{"name":"isMethodCallMessage","decl":{"start":{"line":19,"column":7},"end":{"line":21,"column":1}},"loc":{"start":{"line":19,"column":7},"end":{"line":21,"column":1}},"line":19},"2":{"name":"createMapMessagesToMethodsHandler","decl":{"start":{"line":28,"column":7},"end":{"line":45,"column":1}},"loc":{"start":{"line":28,"column":7},"end":{"line":45,"column":1}},"line":28}},"f":{"0":3,"1":4,"2":2}}
,"/home/gryphon/git-repos/project-management-app/packages/worker-pool/src/worker-pool.js": {"path":"/home/gryphon/git-repos/project-management-app/packages/worker-pool/src/worker-pool.js","all":false,"statementMap":{"0":{"start":{"line":1,"column":0},"end":{"line":1,"column":62}},"1":{"start":{"line":2,"column":0},"end":{"line":2,"column":0}},"2":{"start":{"line":3,"column":0},"end":{"line":3,"column":3}},"3":{"start":{"line":4,"column":0},"end":{"line":4,"column":95}},"4":{"start":{"line":5,"column":0},"end":{"line":5,"column":146}},"5":{"start":{"line":6,"column":0},"end":{"line":6,"column":15}},"6":{"start":{"line":7,"column":0},"end":{"line":7,"column":39}},"7":{"start":{"line":8,"column":0},"end":{"line":8,"column":48}},"8":{"start":{"line":9,"column":0},"end":{"line":9,"column":53}},"9":{"start":{"line":10,"column":0},"end":{"line":10,"column":21}},"10":{"start":{"line":11,"column":0},"end":{"line":11,"column":29}},"11":{"start":{"line":12,"column":0},"end":{"line":12,"column":25}},"12":{"start":{"line":13,"column":0},"end":{"line":13,"column":19}},"13":{"start":{"line":14,"column":0},"end":{"line":14,"column":3}},"14":{"start":{"line":15,"column":0},"end":{"line":15,"column":0}},"15":{"start":{"line":16,"column":0},"end":{"line":16,"column":25}},"16":{"start":{"line":17,"column":0},"end":{"line":17,"column":4}},"17":{"start":{"line":18,"column":0},"end":{"line":18,"column":7}},"18":{"start":{"line":19,"column":0},"end":{"line":19,"column":30}},"19":{"start":{"line":20,"column":0},"end":{"line":20,"column":41}},"20":{"start":{"line":21,"column":0},"end":{"line":21,"column":42}},"21":{"start":{"line":22,"column":0},"end":{"line":22,"column":40}},"22":{"start":{"line":23,"column":0},"end":{"line":23,"column":65}},"23":{"start":{"line":24,"column":0},"end":{"line":24,"column":49}},"24":{"start":{"line":25,"column":0},"end":{"line":25,"column":7}},"25":{"start":{"line":26,"column":0},"end":{"line":26,"column":87}},"26":{"start":{"line":27,"column":0},"end":{"line":27,"column":37}},"27":{"start":{"line":28,"column":0},"end":{"line":28,"column":37}},"28":{"start":{"line":29,"column":0},"end":{"line":29,"column":40}},"29":{"start":{"line":30,"column":0},"end":{"line":30,"column":24}},"30":{"start":{"line":31,"column":0},"end":{"line":31,"column":49}},"31":{"start":{"line":32,"column":0},"end":{"line":32,"column":33}},"32":{"start":{"line":33,"column":0},"end":{"line":33,"column":61}},"33":{"start":{"line":34,"column":0},"end":{"line":34,"column":47}},"34":{"start":{"line":35,"column":0},"end":{"line":35,"column":50}},"35":{"start":{"line":36,"column":0},"end":{"line":36,"column":39}},"36":{"start":{"line":37,"column":0},"end":{"line":37,"column":5}},"37":{"start":{"line":38,"column":0},"end":{"line":38,"column":7}},"38":{"start":{"line":39,"column":0},"end":{"line":39,"column":14}},"39":{"start":{"line":40,"column":0},"end":{"line":40,"column":7}},"40":{"start":{"line":41,"column":0},"end":{"line":41,"column":18}},"41":{"start":{"line":42,"column":0},"end":{"line":42,"column":54}},"42":{"start":{"line":43,"column":0},"end":{"line":43,"column":29}},"43":{"start":{"line":44,"column":0},"end":{"line":44,"column":9}},"44":{"start":{"line":45,"column":0},"end":{"line":45,"column":5}},"45":{"start":{"line":46,"column":0},"end":{"line":46,"column":0}},"46":{"start":{"line":47,"column":0},"end":{"line":47,"column":7}},"47":{"start":{"line":48,"column":0},"end":{"line":48,"column":16}},"48":{"start":{"line":49,"column":0},"end":{"line":49,"column":17}},"49":{"start":{"line":50,"column":0},"end":{"line":50,"column":32}},"50":{"start":{"line":51,"column":0},"end":{"line":51,"column":40}},"51":{"start":{"line":52,"column":0},"end":{"line":52,"column":31}},"52":{"start":{"line":53,"column":0},"end":{"line":53,"column":7}},"53":{"start":{"line":54,"column":0},"end":{"line":54,"column":41}},"54":{"start":{"line":55,"column":0},"end":{"line":55,"column":62}},"55":{"start":{"line":56,"column":0},"end":{"line":56,"column":5}},"56":{"start":{"line":57,"column":0},"end":{"line":57,"column":0}},"57":{"start":{"line":58,"column":0},"end":{"line":58,"column":7}},"58":{"start":{"line":59,"column":0},"end":{"line":59,"column":69}},"59":{"start":{"line":60,"column":0},"end":{"line":60,"column":31}},"60":{"start":{"line":61,"column":0},"end":{"line":61,"column":7}},"61":{"start":{"line":62,"column":0},"end":{"line":62,"column":37}},"62":{"start":{"line":63,"column":0},"end":{"line":63,"column":26}},"63":{"start":{"line":64,"column":0},"end":{"line":64,"column":31}},"64":{"start":{"line":65,"column":0},"end":{"line":65,"column":45}},"65":{"start":{"line":66,"column":0},"end":{"line":66,"column":97}},"66":{"start":{"line":67,"column":0},"end":{"line":67,"column":17}},"67":{"start":{"line":68,"column":0},"end":{"line":68,"column":53}},"68":{"start":{"line":69,"column":0},"end":{"line":69,"column":9}},"69":{"start":{"line":70,"column":0},"end":{"line":70,"column":5}},"70":{"start":{"line":71,"column":0},"end":{"line":71,"column":0}},"71":{"start":{"line":72,"column":0},"end":{"line":72,"column":7}},"72":{"start":{"line":73,"column":0},"end":{"line":73,"column":17}},"73":{"start":{"line":74,"column":0},"end":{"line":74,"column":22}},"74":{"start":{"line":75,"column":0},"end":{"line":75,"column":7}},"75":{"start":{"line":76,"column":0},"end":{"line":76,"column":17}},"76":{"start":{"line":77,"column":0},"end":{"line":77,"column":56}},"77":{"start":{"line":78,"column":0},"end":{"line":78,"column":0}},"78":{"start":{"line":79,"column":0},"end":{"line":79,"column":41}},"79":{"start":{"line":80,"column":0},"end":{"line":80,"column":60}},"80":{"start":{"line":81,"column":0},"end":{"line":81,"column":80}},"81":{"start":{"line":82,"column":0},"end":{"line":82,"column":9}},"82":{"start":{"line":83,"column":0},"end":{"line":83,"column":0}},"83":{"start":{"line":84,"column":0},"end":{"line":84,"column":34}},"84":{"start":{"line":85,"column":0},"end":{"line":85,"column":40}},"85":{"start":{"line":86,"column":0},"end":{"line":86,"column":59}},"86":{"start":{"line":87,"column":0},"end":{"line":87,"column":56}},"87":{"start":{"line":88,"column":0},"end":{"line":88,"column":16}},"88":{"start":{"line":89,"column":0},"end":{"line":89,"column":53}},"89":{"start":{"line":90,"column":0},"end":{"line":90,"column":131}},"90":{"start":{"line":91,"column":0},"end":{"line":91,"column":17}},"91":{"start":{"line":92,"column":0},"end":{"line":92,"column":0}},"92":{"start":{"line":93,"column":0},"end":{"line":93,"column":70}},"93":{"start":{"line":94,"column":0},"end":{"line":94,"column":13}},"94":{"start":{"line":95,"column":0},"end":{"line":95,"column":9}},"95":{"start":{"line":96,"column":0},"end":{"line":96,"column":8}},"96":{"start":{"line":97,"column":0},"end":{"line":97,"column":37}},"97":{"start":{"line":98,"column":0},"end":{"line":98,"column":52}},"98":{"start":{"line":99,"column":0},"end":{"line":99,"column":37}},"99":{"start":{"line":100,"column":0},"end":{"line":100,"column":11}},"100":{"start":{"line":101,"column":0},"end":{"line":101,"column":0}},"101":{"start":{"line":102,"column":0},"end":{"line":102,"column":39}},"102":{"start":{"line":103,"column":0},"end":{"line":103,"column":79}},"103":{"start":{"line":104,"column":0},"end":{"line":104,"column":44}},"104":{"start":{"line":105,"column":0},"end":{"line":105,"column":86}},"105":{"start":{"line":106,"column":0},"end":{"line":106,"column":29}},"106":{"start":{"line":107,"column":0},"end":{"line":107,"column":11}},"107":{"start":{"line":108,"column":0},"end":{"line":108,"column":0}},"108":{"start":{"line":109,"column":0},"end":{"line":109,"column":46}},"109":{"start":{"line":110,"column":0},"end":{"line":110,"column":43}},"110":{"start":{"line":111,"column":0},"end":{"line":111,"column":35}},"111":{"start":{"line":112,"column":0},"end":{"line":112,"column":116}},"112":{"start":{"line":113,"column":0},"end":{"line":113,"column":27}},"113":{"start":{"line":114,"column":0},"end":{"line":114,"column":38}},"114":{"start":{"line":115,"column":0},"end":{"line":115,"column":50}},"115":{"start":{"line":116,"column":0},"end":{"line":116,"column":55}},"116":{"start":{"line":117,"column":0},"end":{"line":117,"column":143}},"117":{"start":{"line":118,"column":0},"end":{"line":118,"column":54}},"118":{"start":{"line":119,"column":0},"end":{"line":119,"column":39}},"119":{"start":{"line":120,"column":0},"end":{"line":120,"column":29}},"120":{"start":{"line":121,"column":0},"end":{"line":121,"column":34}},"121":{"start":{"line":122,"column":0},"end":{"line":122,"column":51}},"122":{"start":{"line":123,"column":0},"end":{"line":123,"column":109}},"123":{"start":{"line":124,"column":0},"end":{"line":124,"column":69}},"124":{"start":{"line":125,"column":0},"end":{"line":125,"column":34}},"125":{"start":{"line":126,"column":0},"end":{"line":126,"column":53}},"126":{"start":{"line":127,"column":0},"end":{"line":127,"column":69}},"127":{"start":{"line":128,"column":0},"end":{"line":128,"column":34}},"128":{"start":{"line":129,"column":0},"end":{"line":129,"column":32}},"129":{"start":{"line":130,"column":0},"end":{"line":130,"column":104}},"130":{"start":{"line":131,"column":0},"end":{"line":131,"column":21}},"131":{"start":{"line":132,"column":0},"end":{"line":132,"column":26}},"132":{"start":{"line":133,"column":0},"end":{"line":133,"column":24}},"133":{"start":{"line":134,"column":0},"end":{"line":134,"column":56}},"134":{"start":{"line":135,"column":0},"end":{"line":135,"column":26}},"135":{"start":{"line":136,"column":0},"end":{"line":136,"column":13}},"136":{"start":{"line":137,"column":0},"end":{"line":137,"column":12}},"137":{"start":{"line":138,"column":0},"end":{"line":138,"column":44}},"138":{"start":{"line":139,"column":0},"end":{"line":139,"column":48}},"139":{"start":{"line":140,"column":0},"end":{"line":140,"column":129}},"140":{"start":{"line":141,"column":0},"end":{"line":141,"column":38}},"141":{"start":{"line":142,"column":0},"end":{"line":142,"column":37}},"142":{"start":{"line":143,"column":0},"end":{"line":143,"column":11}},"143":{"start":{"line":144,"column":0},"end":{"line":144,"column":5}},"144":{"start":{"line":145,"column":0},"end":{"line":145,"column":7}},"145":{"start":{"line":146,"column":0},"end":{"line":146,"column":17}},"146":{"start":{"line":147,"column":0},"end":{"line":147,"column":22}},"147":{"start":{"line":148,"column":0},"end":{"line":148,"column":7}},"148":{"start":{"line":149,"column":0},"end":{"line":149,"column":13}},"149":{"start":{"line":150,"column":0},"end":{"line":150,"column":54}},"150":{"start":{"line":151,"column":0},"end":{"line":151,"column":37}},"151":{"start":{"line":152,"column":0},"end":{"line":152,"column":10}},"152":{"start":{"line":153,"column":0},"end":{"line":153,"column":5}},"153":{"start":{"line":154,"column":0},"end":{"line":154,"column":0}},"154":{"start":{"line":155,"column":0},"end":{"line":155,"column":7}},"155":{"start":{"line":156,"column":0},"end":{"line":156,"column":27}},"156":{"start":{"line":157,"column":0},"end":{"line":157,"column":30}},"157":{"start":{"line":158,"column":0},"end":{"line":158,"column":7}},"158":{"start":{"line":159,"column":0},"end":{"line":159,"column":22}},"159":{"start":{"line":160,"column":0},"end":{"line":160,"column":20}},"160":{"start":{"line":161,"column":0},"end":{"line":161,"column":19}},"161":{"start":{"line":162,"column":0},"end":{"line":162,"column":0}},"162":{"start":{"line":163,"column":0},"end":{"line":163,"column":60}},"163":{"start":{"line":164,"column":0},"end":{"line":164,"column":31}},"164":{"start":{"line":165,"column":0},"end":{"line":165,"column":29}},"165":{"start":{"line":166,"column":0},"end":{"line":166,"column":11}},"166":{"start":{"line":167,"column":0},"end":{"line":167,"column":0}},"167":{"start":{"line":168,"column":0},"end":{"line":168,"column":25}},"168":{"start":{"line":169,"column":0},"end":{"line":169,"column":20}},"169":{"start":{"line":170,"column":0},"end":{"line":170,"column":19}},"170":{"start":{"line":171,"column":0},"end":{"line":171,"column":20}},"171":{"start":{"line":172,"column":0},"end":{"line":172,"column":19}},"172":{"start":{"line":173,"column":0},"end":{"line":173,"column":11}},"173":{"start":{"line":174,"column":0},"end":{"line":174,"column":0}},"174":{"start":{"line":175,"column":0},"end":{"line":175,"column":21}},"175":{"start":{"line":176,"column":0},"end":{"line":176,"column":0}},"176":{"start":{"line":177,"column":0},"end":{"line":177,"column":23}},"177":{"start":{"line":178,"column":0},"end":{"line":178,"column":5}},"178":{"start":{"line":179,"column":0},"end":{"line":179,"column":4}},"179":{"start":{"line":180,"column":0},"end":{"line":180,"column":7}},"180":{"start":{"line":181,"column":0},"end":{"line":181,"column":33}},"181":{"start":{"line":182,"column":0},"end":{"line":182,"column":26}},"182":{"start":{"line":183,"column":0},"end":{"line":183,"column":30}},"183":{"start":{"line":184,"column":0},"end":{"line":184,"column":7}},"184":{"start":{"line":185,"column":0},"end":{"line":185,"column":37}},"185":{"start":{"line":186,"column":0},"end":{"line":186,"column":29}},"186":{"start":{"line":187,"column":0},"end":{"line":187,"column":44}},"187":{"start":{"line":188,"column":0},"end":{"line":188,"column":36}},"188":{"start":{"line":189,"column":0},"end":{"line":189,"column":16}},"189":{"start":{"line":190,"column":0},"end":{"line":190,"column":10}},"190":{"start":{"line":191,"column":0},"end":{"line":191,"column":5}},"191":{"start":{"line":192,"column":0},"end":{"line":192,"column":0}},"192":{"start":{"line":193,"column":0},"end":{"line":193,"column":7}},"193":{"start":{"line":194,"column":0},"end":{"line":194,"column":33}},"194":{"start":{"line":195,"column":0},"end":{"line":195,"column":7}},"195":{"start":{"line":196,"column":0},"end":{"line":196,"column":44}},"196":{"start":{"line":197,"column":0},"end":{"line":197,"column":7}},"197":{"start":{"line":198,"column":0},"end":{"line":198,"column":28}},"198":{"start":{"line":199,"column":0},"end":{"line":199,"column":44}},"199":{"start":{"line":200,"column":0},"end":{"line":200,"column":0}},"200":{"start":{"line":201,"column":0},"end":{"line":201,"column":20}},"201":{"start":{"line":202,"column":0},"end":{"line":202,"column":19}},"202":{"start":{"line":203,"column":0},"end":{"line":203,"column":0}},"203":{"start":{"line":204,"column":0},"end":{"line":204,"column":60}},"204":{"start":{"line":205,"column":0},"end":{"line":205,"column":31}},"205":{"start":{"line":206,"column":0},"end":{"line":206,"column":29}},"206":{"start":{"line":207,"column":0},"end":{"line":207,"column":11}},"207":{"start":{"line":208,"column":0},"end":{"line":208,"column":0}},"208":{"start":{"line":209,"column":0},"end":{"line":209,"column":49}},"209":{"start":{"line":210,"column":0},"end":{"line":210,"column":26}},"210":{"start":{"line":211,"column":0},"end":{"line":211,"column":38}},"211":{"start":{"line":212,"column":0},"end":{"line":212,"column":28}},"212":{"start":{"line":213,"column":0},"end":{"line":213,"column":14}},"213":{"start":{"line":214,"column":0},"end":{"line":214,"column":30}},"214":{"start":{"line":215,"column":0},"end":{"line":215,"column":47}},"215":{"start":{"line":216,"column":0},"end":{"line":216,"column":53}},"216":{"start":{"line":217,"column":0},"end":{"line":217,"column":51}},"217":{"start":{"line":218,"column":0},"end":{"line":218,"column":95}},"218":{"start":{"line":219,"column":0},"end":{"line":219,"column":45}},"219":{"start":{"line":220,"column":0},"end":{"line":220,"column":21}},"220":{"start":{"line":221,"column":0},"end":{"line":221,"column":112}},"221":{"start":{"line":222,"column":0},"end":{"line":222,"column":92}},"222":{"start":{"line":223,"column":0},"end":{"line":223,"column":34}},"223":{"start":{"line":224,"column":0},"end":{"line":224,"column":59}},"224":{"start":{"line":225,"column":0},"end":{"line":225,"column":57}},"225":{"start":{"line":226,"column":0},"end":{"line":226,"column":32}},"226":{"start":{"line":227,"column":0},"end":{"line":227,"column":25}},"227":{"start":{"line":228,"column":0},"end":{"line":228,"column":24}},"228":{"start":{"line":229,"column":0},"end":{"line":229,"column":19}},"229":{"start":{"line":230,"column":0},"end":{"line":230,"column":14}},"230":{"start":{"line":231,"column":0},"end":{"line":231,"column":32}},"231":{"start":{"line":232,"column":0},"end":{"line":232,"column":88}},"232":{"start":{"line":233,"column":0},"end":{"line":233,"column":30}},"233":{"start":{"line":234,"column":0},"end":{"line":234,"column":55}},"234":{"start":{"line":235,"column":0},"end":{"line":235,"column":55}},"235":{"start":{"line":236,"column":0},"end":{"line":236,"column":28}},"236":{"start":{"line":237,"column":0},"end":{"line":237,"column":21}},"237":{"start":{"line":238,"column":0},"end":{"line":238,"column":20}},"238":{"start":{"line":239,"column":0},"end":{"line":239,"column":30}},"239":{"start":{"line":240,"column":0},"end":{"line":240,"column":14}},"240":{"start":{"line":241,"column":0},"end":{"line":241,"column":32}},"241":{"start":{"line":242,"column":0},"end":{"line":242,"column":88}},"242":{"start":{"line":243,"column":0},"end":{"line":243,"column":30}},"243":{"start":{"line":244,"column":0},"end":{"line":244,"column":55}},"244":{"start":{"line":245,"column":0},"end":{"line":245,"column":54}},"245":{"start":{"line":246,"column":0},"end":{"line":246,"column":29}},"246":{"start":{"line":247,"column":0},"end":{"line":247,"column":21}},"247":{"start":{"line":248,"column":0},"end":{"line":248,"column":20}},"248":{"start":{"line":249,"column":0},"end":{"line":249,"column":30}},"249":{"start":{"line":250,"column":0},"end":{"line":250,"column":13}},"250":{"start":{"line":251,"column":0},"end":{"line":251,"column":10}},"251":{"start":{"line":252,"column":0},"end":{"line":252,"column":0}},"252":{"start":{"line":253,"column":0},"end":{"line":253,"column":25}},"253":{"start":{"line":254,"column":0},"end":{"line":254,"column":20}},"254":{"start":{"line":255,"column":0},"end":{"line":255,"column":19}},"255":{"start":{"line":256,"column":0},"end":{"line":256,"column":20}},"256":{"start":{"line":257,"column":0},"end":{"line":257,"column":24}},"257":{"start":{"line":258,"column":0},"end":{"line":258,"column":22}},"258":{"start":{"line":259,"column":0},"end":{"line":259,"column":47}},"259":{"start":{"line":260,"column":0},"end":{"line":260,"column":46}},"260":{"start":{"line":261,"column":0},"end":{"line":261,"column":35}},"261":{"start":{"line":262,"column":0},"end":{"line":262,"column":13}},"262":{"start":{"line":263,"column":0},"end":{"line":263,"column":11}},"263":{"start":{"line":264,"column":0},"end":{"line":264,"column":0}},"264":{"start":{"line":265,"column":0},"end":{"line":265,"column":21}},"265":{"start":{"line":266,"column":0},"end":{"line":266,"column":8}},"266":{"start":{"line":267,"column":0},"end":{"line":267,"column":24}},"267":{"start":{"line":268,"column":0},"end":{"line":268,"column":5}},"268":{"start":{"line":269,"column":0},"end":{"line":269,"column":1}}},"s":{"0":1,"1":1,"2":1,"3":1,"4":1,"5":1,"6":1,"7":1,"8":1,"9":1,"10":1,"11":1,"12":1,"13":1,"14":1,"15":1,"16":1,"17":1,"18":1,"19":1,"20":1,"21":1,"22":1,"23":1,"24":1,"25":1,"26":15,"27":15,"28":15,"29":15,"30":15,"31":15,"32":15,"33":15,"34":15,"35":15,"36":15,"37":1,"38":1,"39":1,"40":1,"41":14,"42":30,"43":30,"44":14,"45":1,"46":1,"47":1,"48":1,"49":1,"50":1,"51":1,"52":1,"53":1,"54":1,"55":1,"56":1,"57":1,"58":1,"59":1,"60":1,"61":1,"62":0,"63":0,"64":0,"65":0,"66":0,"67":0,"68":0,"69":0,"70":1,"71":1,"72":1,"73":1,"74":1,"75":1,"76":32,"77":32,"78":32,"79":32,"80":6,"81":6,"82":32,"83":32,"84":32,"85":50,"86":19,"87":19,"88":19,"89":3,"90":3,"91":19,"92":19,"93":19,"94":50,"95":32,"96":32,"97":31,"98":31,"99":32,"100":32,"101":32,"102":2,"103":2,"104":2,"105":2,"106":32,"107":32,"108":32,"109":11,"110":11,"111":1,"112":1,"113":11,"114":6,"115":6,"116":4,"117":4,"118":3,"119":3,"120":1,"121":6,"122":1,"123":1,"124":1,"125":6,"126":1,"127":1,"128":6,"129":0,"130":6,"131":3,"132":11,"133":4,"134":4,"135":11,"136":7,"137":11,"138":11,"139":11,"140":7,"141":7,"142":32,"143":32,"144":1,"145":1,"146":1,"147":1,"148":1,"149":19,"150":12,"151":19,"152":19,"153":1,"154":1,"155":1,"156":1,"157":1,"158":1,"159":16,"160":16,"161":16,"162":16,"163":16,"164":16,"165":16,"166":16,"167":16,"168":16,"169":16,"170":16,"171":16,"172":16,"173":16,"174":16,"175":16,"176":16,"177":16,"178":1,"179":1,"180":1,"181":1,"182":1,"183":1,"184":1,"185":1,"186":1,"187":1,"188":1,"189":1,"190":1,"191":1,"192":1,"193":1,"194":1,"195":1,"196":1,"197":1,"198":3,"199":3,"200":3,"201":3,"202":3,"203":3,"204":3,"205":3,"206":3,"207":3,"208":3,"209":3,"210":3,"211":3,"212":3,"213":3,"214":4,"215":4,"216":4,"217":4,"218":4,"219":4,"220":4,"221":4,"222":4,"223":4,"224":4,"225":4,"226":4,"227":4,"228":4,"229":3,"230":3,"231":1,"232":1,"233":1,"234":1,"235":1,"236":1,"237":1,"238":1,"239":3,"240":3,"241":1,"242":1,"243":1,"244":1,"245":1,"246":1,"247":1,"248":1,"249":1,"250":3,"251":3,"252":3,"253":3,"254":3,"255":3,"256":3,"257":3,"258":3,"259":3,"260":3,"261":3,"262":3,"263":3,"264":3,"265":3,"266":3,"267":3,"268":1},"branchMap":{"0":{"type":"branch","line":26,"loc":{"start":{"line":26,"column":4},"end":{"line":37,"column":5}},"locations":[{"start":{"line":26,"column":4},"end":{"line":37,"column":5}}]},"1":{"type":"branch","line":41,"loc":{"start":{"line":41,"column":4},"end":{"line":45,"column":5}},"locations":[{"start":{"line":41,"column":4},"end":{"line":45,"column":5}}]},"2":{"type":"branch","line":42,"loc":{"start":{"line":42,"column":53},"end":{"line":44,"column":9}},"locations":[{"start":{"line":42,"column":53},"end":{"line":44,"column":9}}]},"3":{"type":"branch","line":54,"loc":{"start":{"line":54,"column":4},"end":{"line":56,"column":5}},"locations":[{"start":{"line":54,"column":4},"end":{"line":56,"column":5}}]},"4":{"type":"branch","line":76,"loc":{"start":{"line":76,"column":4},"end":{"line":144,"column":5}},"locations":[{"start":{"line":76,"column":4},"end":{"line":144,"column":5}}]},"5":{"type":"branch","line":80,"loc":{"start":{"line":80,"column":50},"end":{"line":82,"column":9}},"locations":[{"start":{"line":80,"column":50},"end":{"line":82,"column":9}}]},"6":{"type":"branch","line":85,"loc":{"start":{"line":85,"column":33},"end":{"line":95,"column":9}},"locations":[{"start":{"line":85,"column":33},"end":{"line":95,"column":9}}]},"7":{"type":"branch","line":86,"loc":{"start":{"line":86,"column":36},"end":{"line":86,"column":56}},"locations":[{"start":{"line":86,"column":36},"end":{"line":86,"column":56}}]},"8":{"type":"branch","line":86,"loc":{"start":{"line":86,"column":58},"end":{"line":94,"column":13}},"locations":[{"start":{"line":86,"column":58},"end":{"line":94,"column":13}}]},"9":{"type":"branch","line":89,"loc":{"start":{"line":89,"column":52},"end":{"line":91,"column":17}},"locations":[{"start":{"line":89,"column":52},"end":{"line":91,"column":17}}]},"10":{"type":"branch","line":97,"loc":{"start":{"line":97,"column":30},"end":{"line":100,"column":9}},"locations":[{"start":{"line":97,"column":30},"end":{"line":100,"column":9}}]},"11":{"type":"branch","line":102,"loc":{"start":{"line":102,"column":29},"end":{"line":107,"column":9}},"locations":[{"start":{"line":102,"column":29},"end":{"line":107,"column":9}}]},"12":{"type":"branch","line":109,"loc":{"start":{"line":109,"column":32},"end":{"line":143,"column":9}},"locations":[{"start":{"line":109,"column":32},"end":{"line":143,"column":9}}]},"13":{"type":"branch","line":111,"loc":{"start":{"line":111,"column":16},"end":{"line":113,"column":27}},"locations":[{"start":{"line":111,"column":16},"end":{"line":113,"column":27}}]},"14":{"type":"branch","line":114,"loc":{"start":{"line":114,"column":16},"end":{"line":132,"column":26}},"locations":[{"start":{"line":114,"column":16},"end":{"line":132,"column":26}}]},"15":{"type":"branch","line":116,"loc":{"start":{"line":116,"column":24},"end":{"line":121,"column":34}},"locations":[{"start":{"line":116,"column":24},"end":{"line":121,"column":34}}]},"16":{"type":"branch","line":118,"loc":{"start":{"line":118,"column":53},"end":{"line":120,"column":29}},"locations":[{"start":{"line":118,"column":53},"end":{"line":120,"column":29}}]},"17":{"type":"branch","line":121,"loc":{"start":{"line":121,"column":-1},"end":{"line":121,"column":34}},"locations":[{"start":{"line":121,"column":-1},"end":{"line":121,"column":34}}]},"18":{"type":"branch","line":122,"loc":{"start":{"line":122,"column":24},"end":{"line":125,"column":34}},"locations":[{"start":{"line":122,"column":24},"end":{"line":125,"column":34}}]},"19":{"type":"branch","line":126,"loc":{"start":{"line":126,"column":24},"end":{"line":128,"column":34}},"locations":[{"start":{"line":126,"column":24},"end":{"line":128,"column":34}}]},"20":{"type":"branch","line":129,"loc":{"start":{"line":129,"column":24},"end":{"line":130,"column":104}},"locations":[{"start":{"line":129,"column":24},"end":{"line":130,"column":104}}]},"21":{"type":"branch","line":132,"loc":{"start":{"line":132,"column":-1},"end":{"line":132,"column":26}},"locations":[{"start":{"line":132,"column":-1},"end":{"line":132,"column":26}}]},"22":{"type":"branch","line":133,"loc":{"start":{"line":133,"column":16},"end":{"line":135,"column":26}},"locations":[{"start":{"line":133,"column":16},"end":{"line":135,"column":26}}]},"23":{"type":"branch","line":137,"loc":{"start":{"line":137,"column":-1},"end":{"line":138,"column":32}},"locations":[{"start":{"line":137,"column":-1},"end":{"line":138,"column":32}}]},"24":{"type":"branch","line":138,"loc":{"start":{"line":138,"column":32},"end":{"line":138,"column":43}},"locations":[{"start":{"line":138,"column":32},"end":{"line":138,"column":43}}]},"25":{"type":"branch","line":140,"loc":{"start":{"line":140,"column":16},"end":{"line":140,"column":129}},"locations":[{"start":{"line":140,"column":16},"end":{"line":140,"column":129}}]},"26":{"type":"branch","line":141,"loc":{"start":{"line":141,"column":-1},"end":{"line":143,"column":8}},"locations":[{"start":{"line":141,"column":-1},"end":{"line":143,"column":8}}]},"27":{"type":"branch","line":149,"loc":{"start":{"line":149,"column":4},"end":{"line":153,"column":5}},"locations":[{"start":{"line":149,"column":4},"end":{"line":153,"column":5}}]},"28":{"type":"branch","line":150,"loc":{"start":{"line":150,"column":36},"end":{"line":152,"column":9}},"locations":[{"start":{"line":150,"column":36},"end":{"line":152,"column":9}}]},"29":{"type":"branch","line":159,"loc":{"start":{"line":159,"column":4},"end":{"line":178,"column":5}},"locations":[{"start":{"line":159,"column":4},"end":{"line":178,"column":5}}]},"30":{"type":"branch","line":163,"loc":{"start":{"line":163,"column":36},"end":{"line":166,"column":9}},"locations":[{"start":{"line":163,"column":36},"end":{"line":166,"column":9}}]},"31":{"type":"branch","line":185,"loc":{"start":{"line":185,"column":4},"end":{"line":191,"column":5}},"locations":[{"start":{"line":185,"column":4},"end":{"line":191,"column":5}}]},"32":{"type":"branch","line":198,"loc":{"start":{"line":198,"column":4},"end":{"line":268,"column":5}},"locations":[{"start":{"line":198,"column":4},"end":{"line":268,"column":5}}]},"33":{"type":"branch","line":204,"loc":{"start":{"line":204,"column":36},"end":{"line":207,"column":9}},"locations":[{"start":{"line":204,"column":36},"end":{"line":207,"column":9}}]},"34":{"type":"branch","line":211,"loc":{"start":{"line":211,"column":12},"end":{"line":213,"column":13}},"locations":[{"start":{"line":211,"column":12},"end":{"line":213,"column":13}}]},"35":{"type":"branch","line":214,"loc":{"start":{"line":214,"column":12},"end":{"line":230,"column":13}},"locations":[{"start":{"line":214,"column":12},"end":{"line":230,"column":13}}]},"36":{"type":"branch","line":215,"loc":{"start":{"line":215,"column":35},"end":{"line":229,"column":17}},"locations":[{"start":{"line":215,"column":35},"end":{"line":229,"column":17}}]},"37":{"type":"branch","line":217,"loc":{"start":{"line":217,"column":39},"end":{"line":220,"column":21}},"locations":[{"start":{"line":217,"column":39},"end":{"line":220,"column":21}}]},"38":{"type":"branch","line":231,"loc":{"start":{"line":231,"column":12},"end":{"line":240,"column":13}},"locations":[{"start":{"line":231,"column":12},"end":{"line":240,"column":13}}]},"39":{"type":"branch","line":241,"loc":{"start":{"line":241,"column":12},"end":{"line":250,"column":13}},"locations":[{"start":{"line":241,"column":12},"end":{"line":250,"column":13}}]}},"b":{"0":[15],"1":[14],"2":[30],"3":[1],"4":[32],"5":[6],"6":[50],"7":[48],"8":[19],"9":[3],"10":[31],"11":[2],"12":[11],"13":[1],"14":[6],"15":[4],"16":[3],"17":[1],"18":[1],"19":[1],"20":[0],"21":[3],"22":[4],"23":[7],"24":[0],"25":[3],"26":[7],"27":[19],"28":[12],"29":[16],"30":[16],"31":[1],"32":[3],"33":[3],"34":[3],"35":[4],"36":[4],"37":[4],"38":[1],"39":[1]},"fnMap":{"0":{"name":"WorkerPool","decl":{"start":{"line":26,"column":4},"end":{"line":37,"column":5}},"loc":{"start":{"line":26,"column":4},"end":{"line":37,"column":5}},"line":26},"1":{"name":"initialize","decl":{"start":{"line":41,"column":4},"end":{"line":45,"column":5}},"loc":{"start":{"line":41,"column":4},"end":{"line":45,"column":5}},"line":41},"2":{"name":"spawnWorkerContext","decl":{"start":{"line":54,"column":4},"end":{"line":56,"column":5}},"loc":{"start":{"line":54,"column":4},"end":{"line":56,"column":5}},"line":54},"3":{"name":"awaitCurrentTasks","decl":{"start":{"line":62,"column":4},"end":{"line":70,"column":5}},"loc":{"start":{"line":62,"column":4},"end":{"line":70,"column":5}},"line":62},"4":{"name":"addWorker","decl":{"start":{"line":76,"column":4},"end":{"line":144,"column":5}},"loc":{"start":{"line":76,"column":4},"end":{"line":144,"column":5}},"line":76},"5":{"name":"onWorkerContextIterationDirective","decl":{"start":{"line":80,"column":50},"end":{"line":82,"column":9}},"loc":{"start":{"line":80,"column":50},"end":{"line":82,"column":9}},"line":80},"6":{"name":"workerContext.takeTask","decl":{"start":{"line":85,"column":33},"end":{"line":95,"column":9}},"loc":{"start":{"line":85,"column":33},"end":{"line":95,"column":9}},"line":85},"7":{"name":"drain","decl":{"start":{"line":149,"column":4},"end":{"line":153,"column":5}},"loc":{"start":{"line":149,"column":4},"end":{"line":153,"column":5}},"line":149},"8":{"name":"addTask","decl":{"start":{"line":159,"column":4},"end":{"line":178,"column":5}},"loc":{"start":{"line":159,"column":4},"end":{"line":178,"column":5}},"line":159},"9":{"name":"callMethod","decl":{"start":{"line":185,"column":4},"end":{"line":191,"column":5}},"loc":{"start":{"line":185,"column":4},"end":{"line":191,"column":5}},"line":185},"10":{"name":"iterate","decl":{"start":{"line":198,"column":4},"end":{"line":268,"column":5}},"loc":{"start":{"line":198,"column":4},"end":{"line":268,"column":5}},"line":198},"11":{"name":"iterable","decl":{"start":{"line":211,"column":12},"end":{"line":213,"column":13}},"loc":{"start":{"line":211,"column":12},"end":{"line":213,"column":13}},"line":211},"12":{"name":"next","decl":{"start":{"line":214,"column":12},"end":{"line":230,"column":13}},"loc":{"start":{"line":214,"column":12},"end":{"line":230,"column":13}},"line":214},"13":{"name":"onResponse","decl":{"start":{"line":217,"column":39},"end":{"line":220,"column":21}},"loc":{"start":{"line":217,"column":39},"end":{"line":220,"column":21}},"line":217},"14":{"name":"return","decl":{"start":{"line":231,"column":12},"end":{"line":240,"column":13}},"loc":{"start":{"line":231,"column":12},"end":{"line":240,"column":13}},"line":231},"15":{"name":"throw","decl":{"start":{"line":241,"column":12},"end":{"line":250,"column":13}},"loc":{"start":{"line":241,"column":12},"end":{"line":250,"column":13}},"line":241}},"f":{"0":15,"1":14,"2":1,"3":0,"4":32,"5":6,"6":50,"7":19,"8":16,"9":1,"10":3,"11":3,"12":4,"13":4,"14":1,"15":1}}
}
